This is pdfTeX, Version 3.14159265-2.6-1.40.18 (TeX Live 2017/Debian) (preloaded format=pdflatex 2018.2.8)  5 APR 2018 23:51
entering extended mode
 restricted \write18 enabled.
 %&-line parsing enabled.
**hw10.tex
(./hw10.tex
LaTeX2e <2017-04-15>
Babel <3.12> and hyphenation patterns for 84 language(s) loaded.
(/usr/share/texlive/texmf-dist/tex/latex/base/article.cls
Document Class: article 2014/09/29 v1.4h Standard LaTeX document class
(/usr/share/texlive/texmf-dist/tex/latex/base/size10.clo
File: size10.clo 2014/09/29 v1.4h Standard LaTeX file (size option)
)
\c@part=\count79
\c@section=\count80
\c@subsection=\count81
\c@subsubsection=\count82
\c@paragraph=\count83
\c@subparagraph=\count84
\c@figure=\count85
\c@table=\count86
\abovecaptionskip=\skip41
\belowcaptionskip=\skip42
\bibindent=\dimen102
)
(/usr/share/texlive/texmf-dist/tex/latex/listings/listings.sty
(/usr/share/texlive/texmf-dist/tex/latex/graphics/keyval.sty
Package: keyval 2014/10/28 v1.15 key=value parser (DPC)
\KV@toks@=\toks14
)
\lst@mode=\count87
\lst@gtempboxa=\box26
\lst@token=\toks15
\lst@length=\count88
\lst@currlwidth=\dimen103
\lst@column=\count89
\lst@pos=\count90
\lst@lostspace=\dimen104
\lst@width=\dimen105
\lst@newlines=\count91
\lst@lineno=\count92
\lst@maxwidth=\dimen106

(/usr/share/texlive/texmf-dist/tex/latex/listings/lstmisc.sty
File: lstmisc.sty 2015/06/04 1.6 (Carsten Heinz)
\c@lstnumber=\count93
\lst@skipnumbers=\count94
\lst@framebox=\box27
)
(/usr/share/texlive/texmf-dist/tex/latex/listings/listings.cfg
File: listings.cfg 2015/06/04 1.6 listings configuration
))
Package: listings 2015/06/04 1.6 (Carsten Heinz)

(/usr/share/texlive/texmf-dist/tex/latex/preprint/fullpage.sty
Package: fullpage 1999/02/23 1.1 (PWD)
\FP@margin=\skip43
)
(/usr/share/texlive/texmf-dist/tex/latex/base/textcomp.sty
Package: textcomp 2017/04/05 v2.0i Standard LaTeX package
Package textcomp Info: Sub-encoding information:
(textcomp)               5 = only ISO-Adobe without \textcurrency
(textcomp)               4 = 5 + \texteuro
(textcomp)               3 = 4 + \textohm
(textcomp)               2 = 3 + \textestimated + \textcurrency
(textcomp)               1 = TS1 - \textcircled - \t
(textcomp)               0 = TS1 (full)
(textcomp)             Font families with sub-encoding setting implement
(textcomp)             only a restricted character set as indicated.
(textcomp)             Family '?' is the default used for unknown fonts.
(textcomp)             See the documentation for details.
Package textcomp Info: Setting ? sub-encoding to TS1/1 on input line 79.

(/usr/share/texlive/texmf-dist/tex/latex/base/ts1enc.def
File: ts1enc.def 2001/06/05 v3.0e (jk/car/fm) Standard LaTeX file
)
LaTeX Info: Redefining \oldstylenums on input line 334.
Package textcomp Info: Setting cmr sub-encoding to TS1/0 on input line 349.
Package textcomp Info: Setting cmss sub-encoding to TS1/0 on input line 350.
Package textcomp Info: Setting cmtt sub-encoding to TS1/0 on input line 351.
Package textcomp Info: Setting cmvtt sub-encoding to TS1/0 on input line 352.
Package textcomp Info: Setting cmbr sub-encoding to TS1/0 on input line 353.
Package textcomp Info: Setting cmtl sub-encoding to TS1/0 on input line 354.
Package textcomp Info: Setting ccr sub-encoding to TS1/0 on input line 355.
Package textcomp Info: Setting ptm sub-encoding to TS1/4 on input line 356.
Package textcomp Info: Setting pcr sub-encoding to TS1/4 on input line 357.
Package textcomp Info: Setting phv sub-encoding to TS1/4 on input line 358.
Package textcomp Info: Setting ppl sub-encoding to TS1/3 on input line 359.
Package textcomp Info: Setting pag sub-encoding to TS1/4 on input line 360.
Package textcomp Info: Setting pbk sub-encoding to TS1/4 on input line 361.
Package textcomp Info: Setting pnc sub-encoding to TS1/4 on input line 362.
Package textcomp Info: Setting pzc sub-encoding to TS1/4 on input line 363.
Package textcomp Info: Setting bch sub-encoding to TS1/4 on input line 364.
Package textcomp Info: Setting put sub-encoding to TS1/5 on input line 365.
Package textcomp Info: Setting uag sub-encoding to TS1/5 on input line 366.
Package textcomp Info: Setting ugq sub-encoding to TS1/5 on input line 367.
Package textcomp Info: Setting ul8 sub-encoding to TS1/4 on input line 368.
Package textcomp Info: Setting ul9 sub-encoding to TS1/4 on input line 369.
Package textcomp Info: Setting augie sub-encoding to TS1/5 on input line 370.
Package textcomp Info: Setting dayrom sub-encoding to TS1/3 on input line 371.
Package textcomp Info: Setting dayroms sub-encoding to TS1/3 on input line 372.

Package textcomp Info: Setting pxr sub-encoding to TS1/0 on input line 373.
Package textcomp Info: Setting pxss sub-encoding to TS1/0 on input line 374.
Package textcomp Info: Setting pxtt sub-encoding to TS1/0 on input line 375.
Package textcomp Info: Setting txr sub-encoding to TS1/0 on input line 376.
Package textcomp Info: Setting txss sub-encoding to TS1/0 on input line 377.
Package textcomp Info: Setting txtt sub-encoding to TS1/0 on input line 378.
Package textcomp Info: Setting lmr sub-encoding to TS1/0 on input line 379.
Package textcomp Info: Setting lmdh sub-encoding to TS1/0 on input line 380.
Package textcomp Info: Setting lmss sub-encoding to TS1/0 on input line 381.
Package textcomp Info: Setting lmssq sub-encoding to TS1/0 on input line 382.
Package textcomp Info: Setting lmvtt sub-encoding to TS1/0 on input line 383.
Package textcomp Info: Setting lmtt sub-encoding to TS1/0 on input line 384.
Package textcomp Info: Setting qhv sub-encoding to TS1/0 on input line 385.
Package textcomp Info: Setting qag sub-encoding to TS1/0 on input line 386.
Package textcomp Info: Setting qbk sub-encoding to TS1/0 on input line 387.
Package textcomp Info: Setting qcr sub-encoding to TS1/0 on input line 388.
Package textcomp Info: Setting qcs sub-encoding to TS1/0 on input line 389.
Package textcomp Info: Setting qpl sub-encoding to TS1/0 on input line 390.
Package textcomp Info: Setting qtm sub-encoding to TS1/0 on input line 391.
Package textcomp Info: Setting qzc sub-encoding to TS1/0 on input line 392.
Package textcomp Info: Setting qhvc sub-encoding to TS1/0 on input line 393.
Package textcomp Info: Setting futs sub-encoding to TS1/4 on input line 394.
Package textcomp Info: Setting futx sub-encoding to TS1/4 on input line 395.
Package textcomp Info: Setting futj sub-encoding to TS1/4 on input line 396.
Package textcomp Info: Setting hlh sub-encoding to TS1/3 on input line 397.
Package textcomp Info: Setting hls sub-encoding to TS1/3 on input line 398.
Package textcomp Info: Setting hlst sub-encoding to TS1/3 on input line 399.
Package textcomp Info: Setting hlct sub-encoding to TS1/5 on input line 400.
Package textcomp Info: Setting hlx sub-encoding to TS1/5 on input line 401.
Package textcomp Info: Setting hlce sub-encoding to TS1/5 on input line 402.
Package textcomp Info: Setting hlcn sub-encoding to TS1/5 on input line 403.
Package textcomp Info: Setting hlcw sub-encoding to TS1/5 on input line 404.
Package textcomp Info: Setting hlcf sub-encoding to TS1/5 on input line 405.
Package textcomp Info: Setting pplx sub-encoding to TS1/3 on input line 406.
Package textcomp Info: Setting pplj sub-encoding to TS1/3 on input line 407.
Package textcomp Info: Setting ptmx sub-encoding to TS1/4 on input line 408.
Package textcomp Info: Setting ptmj sub-encoding to TS1/4 on input line 409.
)
(/usr/share/texlive/texmf-dist/tex/latex/mdframed/mdframed.sty
Package: mdframed 2013/07/01 1.9b: mdframed

(/usr/share/texlive/texmf-dist/tex/latex/oberdiek/kvoptions.sty
Package: kvoptions 2016/05/16 v3.12 Key value format for package options (HO)

(/usr/share/texlive/texmf-dist/tex/generic/oberdiek/ltxcmds.sty
Package: ltxcmds 2016/05/16 v1.23 LaTeX kernel commands for general use (HO)
)
(/usr/share/texlive/texmf-dist/tex/generic/oberdiek/kvsetkeys.sty
Package: kvsetkeys 2016/05/16 v1.17 Key value parser (HO)

(/usr/share/texlive/texmf-dist/tex/generic/oberdiek/infwarerr.sty
Package: infwarerr 2016/05/16 v1.4 Providing info/warning/error messages (HO)
)
(/usr/share/texlive/texmf-dist/tex/generic/oberdiek/etexcmds.sty
Package: etexcmds 2016/05/16 v1.6 Avoid name clashes with e-TeX commands (HO)

(/usr/share/texlive/texmf-dist/tex/generic/oberdiek/ifluatex.sty
Package: ifluatex 2016/05/16 v1.4 Provides the ifluatex switch (HO)
Package ifluatex Info: LuaTeX not detected.
)
Package etexcmds Info: Could not find \expanded.
(etexcmds)             That can mean that you are not using pdfTeX 1.50 or
(etexcmds)             that some package has redefined \expanded.
(etexcmds)             In the latter case, load this package earlier.
)))
(/usr/share/texlive/texmf-dist/tex/latex/l3packages/xparse/xparse.sty
(/usr/share/texlive/texmf-dist/tex/latex/l3kernel/expl3.sty
Package: expl3 2017/07/19 L3 programming layer (loader) 

(/usr/share/texlive/texmf-dist/tex/latex/l3kernel/expl3-code.tex
Package: expl3 2017/07/19 L3 programming layer (code)
\c_max_int=\count95
\l_tmpa_int=\count96
\l_tmpb_int=\count97
\g_tmpa_int=\count98
\g_tmpb_int=\count99
\g__intarray_font_int=\count100
\g__prg_map_int=\count101
\c_log_iow=\count102
\l_iow_line_count_int=\count103
\l__iow_line_target_int=\count104
\l__iow_one_indent_int=\count105
\l__iow_indent_int=\count106
\c_zero_dim=\dimen107
\c_max_dim=\dimen108
\l_tmpa_dim=\dimen109
\l_tmpb_dim=\dimen110
\g_tmpa_dim=\dimen111
\g_tmpb_dim=\dimen112
\c_zero_skip=\skip44
\c_max_skip=\skip45
\l_tmpa_skip=\skip46
\l_tmpb_skip=\skip47
\g_tmpa_skip=\skip48
\g_tmpb_skip=\skip49
\c_zero_muskip=\muskip10
\c_max_muskip=\muskip11
\l_tmpa_muskip=\muskip12
\l_tmpb_muskip=\muskip13
\g_tmpa_muskip=\muskip14
\g_tmpb_muskip=\muskip15
\l_keys_choice_int=\count107
\c__fp_leading_shift_int=\count108
\c__fp_middle_shift_int=\count109
\c__fp_trailing_shift_int=\count110
\c__fp_big_leading_shift_int=\count111
\c__fp_big_middle_shift_int=\count112
\c__fp_big_trailing_shift_int=\count113
\c__fp_Bigg_leading_shift_int=\count114
\c__fp_Bigg_middle_shift_int=\count115
\c__fp_Bigg_trailing_shift_int=\count116
\c__fp_rand_size_int=\count117
\c__fp_rand_four_int=\count118
\c__fp_rand_eight_int=\count119
\l__sort_length_int=\count120
\l__sort_min_int=\count121
\l__sort_top_int=\count122
\l__sort_max_int=\count123
\l__sort_true_max_int=\count124
\l__sort_block_int=\count125
\l__sort_begin_int=\count126
\l__sort_end_int=\count127
\l__sort_A_int=\count128
\l__sort_B_int=\count129
\l__sort_C_int=\count130
\l__tl_build_start_index_int=\count131
\l__tl_build_index_int=\count132
\l__tl_analysis_normal_int=\count133
\l__tl_analysis_index_int=\count134
\l__tl_analysis_nesting_int=\count135
\l__tl_analysis_type_int=\count136
\l__regex_internal_a_int=\count137
\l__regex_internal_b_int=\count138
\l__regex_internal_c_int=\count139
\l__regex_balance_int=\count140
\l__regex_group_level_int=\count141
\l__regex_mode_int=\count142
\c__regex_cs_in_class_mode_int=\count143
\c__regex_cs_mode_int=\count144
\l__regex_catcodes_int=\count145
\l__regex_default_catcodes_int=\count146
\c__regex_catcode_D_int=\count147
\c__regex_catcode_S_int=\count148
\c__regex_catcode_L_int=\count149
\c__regex_catcode_O_int=\count150
\c__regex_catcode_A_int=\count151
\c__regex_all_catcodes_int=\count152
\l__regex_show_lines_int=\count153
\l__regex_min_state_int=\count154
\l__regex_max_state_int=\count155
\l__regex_left_state_int=\count156
\l__regex_right_state_int=\count157
\l__regex_capturing_group_int=\count158
\l__regex_min_pos_int=\count159
\l__regex_max_pos_int=\count160
\l__regex_curr_pos_int=\count161
\l__regex_start_pos_int=\count162
\l__regex_success_pos_int=\count163
\l__regex_curr_char_int=\count164
\l__regex_curr_catcode_int=\count165
\l__regex_last_char_int=\count166
\l__regex_case_changed_char_int=\count167
\l__regex_curr_state_int=\count168
\l__regex_step_int=\count169
\l__regex_min_active_int=\count170
\l__regex_max_active_int=\count171
\l__regex_replacement_csnames_int=\count172
\l__regex_match_count_int=\count173
\l__regex_min_submatch_int=\count174
\l__regex_submatch_int=\count175
\l__regex_zeroth_submatch_int=\count176
\g__debug_trace_regex_int=\count177
\c_empty_box=\box28
\l_tmpa_box=\box29
\l_tmpb_box=\box30
\g_tmpa_box=\box31
\g_tmpb_box=\box32
\l__box_top_dim=\dimen113
\l__box_bottom_dim=\dimen114
\l__box_left_dim=\dimen115
\l__box_right_dim=\dimen116
\l__box_top_new_dim=\dimen117
\l__box_bottom_new_dim=\dimen118
\l__box_left_new_dim=\dimen119
\l__box_right_new_dim=\dimen120
\l__box_internal_box=\box33
\l__coffin_internal_box=\box34
\l__coffin_internal_dim=\dimen121
\l__coffin_offset_x_dim=\dimen122
\l__coffin_offset_y_dim=\dimen123
\l__coffin_x_dim=\dimen124
\l__coffin_y_dim=\dimen125
\l__coffin_x_prime_dim=\dimen126
\l__coffin_y_prime_dim=\dimen127
\c_empty_coffin=\box35
\l__coffin_aligned_coffin=\box36
\l__coffin_aligned_internal_coffin=\box37
\l_tmpa_coffin=\box38
\l_tmpb_coffin=\box39
\l__coffin_display_coffin=\box40
\l__coffin_display_coord_coffin=\box41
\l__coffin_display_pole_coffin=\box42
\l__coffin_display_offset_dim=\dimen128
\l__coffin_display_x_dim=\dimen129
\l__coffin_display_y_dim=\dimen130
\l__coffin_bounding_shift_dim=\dimen131
\l__coffin_left_corner_dim=\dimen132
\l__coffin_right_corner_dim=\dimen133
\l__coffin_bottom_corner_dim=\dimen134
\l__coffin_top_corner_dim=\dimen135
\l__coffin_scaled_total_height_dim=\dimen136
\l__coffin_scaled_width_dim=\dimen137
)
(/usr/share/texlive/texmf-dist/tex/latex/l3kernel/l3pdfmode.def
File: l3pdfmode.def 2017/03/18 v L3 Experimental driver: PDF mode
\l__driver_color_stack_int=\count178
\l__driver_tmp_box=\box43
))
Package: xparse 2017/07/19 L3 Experimental document command parser
\l__xparse_current_arg_int=\count179
\g__xparse_grabber_int=\count180
\l__xparse_m_args_int=\count181
\l__xparse_mandatory_args_int=\count182
\l__xparse_v_nesting_int=\count183
)
(/usr/share/texlive/texmf-dist/tex/latex/etoolbox/etoolbox.sty
Package: etoolbox 2017/01/02 v2.4 e-TeX tools for LaTeX (JAW)
\etb@tempcnta=\count184
)
(/usr/share/texlive/texmf-dist/tex/latex/oberdiek/zref-abspage.sty
Package: zref-abspage 2016/05/21 v2.26 Module abspage for zref (HO)

(/usr/share/texlive/texmf-dist/tex/latex/oberdiek/zref-base.sty
Package: zref-base 2016/05/21 v2.26 Module base for zref (HO)

(/usr/share/texlive/texmf-dist/tex/generic/oberdiek/kvdefinekeys.sty
Package: kvdefinekeys 2016/05/16 v1.4 Define keys (HO)
)
(/usr/share/texlive/texmf-dist/tex/generic/oberdiek/pdftexcmds.sty
Package: pdftexcmds 2017/03/19 v0.25 Utility functions of pdfTeX for LuaTeX (HO
)

(/usr/share/texlive/texmf-dist/tex/generic/oberdiek/ifpdf.sty
Package: ifpdf 2017/03/15 v3.2 Provides the ifpdf switch
)
Package pdftexcmds Info: LuaTeX not detected.
Package pdftexcmds Info: \pdf@primitive is available.
Package pdftexcmds Info: \pdf@ifprimitive is available.
Package pdftexcmds Info: \pdfdraftmode found.
)
(/usr/share/texlive/texmf-dist/tex/latex/oberdiek/auxhook.sty
Package: auxhook 2016/05/16 v1.4 Hooks for auxiliary files (HO)
)
Package zref Info: New property list: main on input line 759.
Package zref Info: New property: default on input line 760.
Package zref Info: New property: page on input line 761.
)
(/usr/share/texlive/texmf-dist/tex/generic/oberdiek/atbegshi.sty
Package: atbegshi 2016/06/09 v1.18 At begin shipout hook (HO)
)
\c@abspage=\count185
Package zref Info: New property: abspage on input line 62.
)
(/usr/share/texlive/texmf-dist/tex/latex/needspace/needspace.sty
Package: needspace 2010/09/12 v1.3d reserve vertical space
)
(/usr/share/texlive/texmf-dist/tex/latex/graphics/color.sty
Package: color 2016/07/10 v1.1e Standard LaTeX Color (DPC)

(/usr/share/texlive/texmf-dist/tex/latex/graphics-cfg/color.cfg
File: color.cfg 2016/01/02 v1.6 sample color configuration
)
Package color Info: Driver file: pdftex.def on input line 147.

(/usr/share/texlive/texmf-dist/tex/latex/graphics-def/pdftex.def
File: pdftex.def 2017/06/24 v1.0g Graphics/color driver for pdftex
))
\mdf@templength=\skip50
\c@mdf@globalstyle@cnt=\count186
\mdf@skipabove@length=\skip51
\mdf@skipbelow@length=\skip52
\mdf@leftmargin@length=\skip53
\mdf@rightmargin@length=\skip54
\mdf@innerleftmargin@length=\skip55
\mdf@innerrightmargin@length=\skip56
\mdf@innertopmargin@length=\skip57
\mdf@innerbottommargin@length=\skip58
\mdf@splittopskip@length=\skip59
\mdf@splitbottomskip@length=\skip60
\mdf@outermargin@length=\skip61
\mdf@innermargin@length=\skip62
\mdf@linewidth@length=\skip63
\mdf@innerlinewidth@length=\skip64
\mdf@middlelinewidth@length=\skip65
\mdf@outerlinewidth@length=\skip66
\mdf@roundcorner@length=\skip67
\mdf@footenotedistance@length=\skip68
\mdf@userdefinedwidth@length=\skip69
\mdf@needspace@length=\skip70
\mdf@frametitleaboveskip@length=\skip71
\mdf@frametitlebelowskip@length=\skip72
\mdf@frametitlerulewidth@length=\skip73
\mdf@frametitleleftmargin@length=\skip74
\mdf@frametitlerightmargin@length=\skip75
\mdf@shadowsize@length=\skip76
\mdf@extratopheight@length=\skip77
\mdf@subtitleabovelinewidth@length=\skip78
\mdf@subtitlebelowlinewidth@length=\skip79
\mdf@subtitleaboveskip@length=\skip80
\mdf@subtitlebelowskip@length=\skip81
\mdf@subtitleinneraboveskip@length=\skip82
\mdf@subtitleinnerbelowskip@length=\skip83
\mdf@subsubtitleabovelinewidth@length=\skip84
\mdf@subsubtitlebelowlinewidth@length=\skip85
\mdf@subsubtitleaboveskip@length=\skip86
\mdf@subsubtitlebelowskip@length=\skip87
\mdf@subsubtitleinneraboveskip@length=\skip88
\mdf@subsubtitleinnerbelowskip@length=\skip89

(/usr/share/texlive/texmf-dist/tex/latex/mdframed/md-frame-0.mdf
File: md-frame-0.mdf 2013/07/01\ 1.9b: md-frame-0
)
\mdf@frametitlebox=\box44
\mdf@footnotebox=\box45
\mdf@splitbox@one=\box46
\mdf@splitbox@two=\box47
\mdf@splitbox@save=\box48
\mdfsplitboxwidth=\skip90
\mdfsplitboxtotalwidth=\skip91
\mdfsplitboxheight=\skip92
\mdfsplitboxdepth=\skip93
\mdfsplitboxtotalheight=\skip94
\mdfframetitleboxwidth=\skip95
\mdfframetitleboxtotalwidth=\skip96
\mdfframetitleboxheight=\skip97
\mdfframetitleboxdepth=\skip98
\mdfframetitleboxtotalheight=\skip99
\mdffootnoteboxwidth=\skip100
\mdffootnoteboxtotalwidth=\skip101
\mdffootnoteboxheight=\skip102
\mdffootnoteboxdepth=\skip103
\mdffootnoteboxtotalheight=\skip104
\mdftotallinewidth=\skip105
\mdfboundingboxwidth=\skip106
\mdfboundingboxtotalwidth=\skip107
\mdfboundingboxheight=\skip108
\mdfboundingboxdepth=\skip109
\mdfboundingboxtotalheight=\skip110
\mdf@freevspace@length=\skip111
\mdf@horizontalwidthofbox@length=\skip112
\mdf@verticalmarginwhole@length=\skip113
\mdf@horizontalspaceofbox=\skip114
\mdfsubtitleheight=\skip115
\mdfsubsubtitleheight=\skip116
\c@mdfcountframes=\count187

****** mdframed patching \endmdf@trivlist

****** -- success******

.................................................
. LaTeX info: "xparse/define-command"
. 
. Defining command \newmdtheoremenv with sig. 'O{} m o m o ' on line 601.
.................................................
.................................................
. LaTeX info: "xparse/define-command"
. 
. Defining command \mdtheorem with sig. ' O{} m o m o ' on line 701.
.................................................
\mdf@envdepth=\count188
\c@mdf@env@i=\count189
\c@mdf@env@ii=\count190
\c@mdf@zref@counter=\count191
Package zref Info: New property: mdf@pagevalue on input line 895.
) (./hw10.aux)
\openout1 = `hw10.aux'.

LaTeX Font Info:    Checking defaults for OML/cmm/m/it on input line 22.
LaTeX Font Info:    ... okay on input line 22.
LaTeX Font Info:    Checking defaults for T1/cmr/m/n on input line 22.
LaTeX Font Info:    ... okay on input line 22.
LaTeX Font Info:    Checking defaults for OT1/cmr/m/n on input line 22.
LaTeX Font Info:    ... okay on input line 22.
LaTeX Font Info:    Checking defaults for OMS/cmsy/m/n on input line 22.
LaTeX Font Info:    ... okay on input line 22.
LaTeX Font Info:    Checking defaults for OMX/cmex/m/n on input line 22.
LaTeX Font Info:    ... okay on input line 22.
LaTeX Font Info:    Checking defaults for U/cmr/m/n on input line 22.
LaTeX Font Info:    ... okay on input line 22.
LaTeX Font Info:    Checking defaults for TS1/cmr/m/n on input line 22.
LaTeX Font Info:    Try loading font information for TS1+cmr on input line 22.
(/usr/share/texlive/texmf-dist/tex/latex/base/ts1cmr.fd
File: ts1cmr.fd 2014/09/29 v2.5h Standard LaTeX font definitions
)
LaTeX Font Info:    ... okay on input line 22.
\c@lstlisting=\count192
\AtBeginShipoutBox=\box49

(/usr/share/texlive/texmf-dist/tex/context/base/mkii/supp-pdf.mkii
[Loading MPS to PDF converter (version 2006.09.02).]
\scratchcounter=\count193
\scratchdimen=\dimen138
\scratchbox=\box50
\nofMPsegments=\count194
\nofMParguments=\count195
\everyMPshowfont=\toks16
\MPscratchCnt=\count196
\MPscratchDim=\dimen139
\MPnumerator=\count197
\makeMPintoPDFobject=\count198
\everyMPtoPDFconversion=\toks17
)
LaTeX Font Info:    External font `cmex10' loaded for size
(Font)              <12> on input line 23.
LaTeX Font Info:    External font `cmex10' loaded for size
(Font)              <8> on input line 23.
LaTeX Font Info:    External font `cmex10' loaded for size
(Font)              <6> on input line 23.
LaTeX Font Info:    Try loading font information for OT1+qhv on input line 31.
 (/usr/share/texmf/tex/latex/tex-gyre/ot1qhv.fd
File: ot1qhv.fd 2009/09/25 v1.2 font definition file for OT1/qhv
)
Package mdframed Info: Not enough space on this page on input line 83.
 [1

{/var/lib/texmf/fonts/map/pdftex/updmap/pdftex.map}]
Package mdframed Info: Not enough space on this page on input line 83.
Package mdframed Info: Not enough space on this page on input line 150.
 [2]
Package mdframed Info: Not enough space on this page on input line 150.
LaTeX Font Info:    Try loading font information for TS1+cmtt on input line 177
.

(/usr/share/texlive/texmf-dist/tex/latex/base/ts1cmtt.fd
File: ts1cmtt.fd 2014/09/29 v2.5h Standard LaTeX font definitions
) [3]
Package mdframed Info: Not enough space on this page on input line 246.
 [4] (./hw10.aux) ) 
Here is how much of TeX's memory you used:
 12091 strings out of 492990
 230890 string characters out of 6135006
 303245 words of memory out of 5000000
 15595 multiletter control sequences out of 15000+600000
 537516 words of font info for 38 fonts, out of 8000000 for 9000
 1141 hyphenation exceptions out of 8191
 39i,6n,32p,10403b,1207s stack positions out of 5000i,500n,10000p,200000b,80000s
{/usr/share/texmf/fonts/enc/dvips/cm-super/cm-super-ts1.enc}
{/usr/share/texmf/fonts/enc/dvips/tex-gyre/q-rm.enc}</usr/share/texlive/texmf-d
ist/fonts/type1/public/amsfonts/cm/cmbx12.pfb></usr/share/texlive/texmf-dist/fo
nts/type1/public/amsfonts/cm/cmr10.pfb></usr/share/texlive/texmf-dist/fonts/typ
e1/public/amsfonts/cm/cmr12.pfb></usr/share/texlive/texmf-dist/fonts/type1/publ
ic/amsfonts/cm/cmr17.pfb></usr/share/texlive/texmf-dist/fonts/type1/public/amsf
onts/cm/cmtt8.pfb></usr/share/texmf/fonts/type1/public/tex-gyre/qhvr.pfb></usr/
share/texmf/fonts/type1/public/cm-super/sftt0800.pfb>
Output written on hw10.pdf (4 pages, 90645 bytes).
PDF statistics:
 47 PDF objects out of 1000 (max. 8388607)
 33 compressed objects within 1 object stream
 0 named destinations out of 1000 (max. 500000)
 1 words of extra memory for PDF output out of 10000 (max. 10000000)

